TN:
SF:src/pages/auth/Login.tsx
FN:5,(anonymous_10)
FN:10,(anonymous_11)
FN:19,(anonymous_12)
FN:24,(anonymous_13)
FNF:4
FNH:1
FNDA:1,(anonymous_10)
FNDA:0,(anonymous_11)
FNDA:0,(anonymous_12)
FNDA:0,(anonymous_13)
DA:1,1
DA:3,1
DA:5,1
DA:6,1
DA:7,1
DA:8,1
DA:10,1
DA:11,0
DA:12,0
DA:15,1
DA:19,0
DA:24,0
DA:36,1
LF:13
LH:9
BRDA:28,0,0,0
BRDA:28,0,1,1
BRDA:30,1,0,1
BRDA:30,1,1,0
BRF:4
BRH:2
end_of_record
TN:
SF:src/pages/auth/hooks/useLogin.ts
FN:3,(anonymous_0)
FN:7,(anonymous_1)
FN:11,(anonymous_2)
FNF:3
FNH:1
FNDA:1,(anonymous_0)
FNDA:0,(anonymous_1)
FNDA:0,(anonymous_2)
DA:1,1
DA:3,1
DA:4,1
DA:5,1
DA:7,1
DA:8,0
DA:9,0
DA:11,0
DA:12,0
DA:14,0
DA:15,0
DA:17,0
DA:18,0
DA:22,1
DA:25,1
LF:15
LH:7
BRDA:12,0,0,0
BRDA:12,0,1,0
BRDA:12,1,0,0
BRDA:12,1,1,0
BRF:4
BRH:0
end_of_record
TN:
SF:src/routes/customPrivateRoute.tsx
FN:15,(anonymous_1)
FNF:1
FNH:1
FNDA:3,(anonymous_1)
DA:1,1
DA:2,1
DA:15,1
DA:16,3
DA:17,2
DA:19,1
DA:22,1
LF:7
LH:7
BRDA:16,0,0,2
BRDA:16,0,1,1
BRDA:17,1,0,1
BRDA:17,1,1,1
BRF:4
BRH:4
end_of_record
TN:
SF:src/routes/index.tsx
FN:13,getDefaultRoute
FN:14,(anonymous_11)
FN:16,(anonymous_12)
FN:19,(anonymous_13)
FN:24,hasPermission
FN:34,(anonymous_15)
FN:35,(anonymous_16)
FN:37,(anonymous_17)
FN:38,(anonymous_18)
FN:44,(anonymous_19)
FNF:10
FNH:10
FNDA:7,getDefaultRoute
FNDA:23,(anonymous_11)
FNDA:20,(anonymous_12)
FNDA:3,(anonymous_13)
FNDA:21,hasPermission
FNDA:7,(anonymous_15)
FNDA:14,(anonymous_16)
FNDA:7,(anonymous_17)
FNDA:7,(anonymous_18)
FNDA:21,(anonymous_19)
DA:1,1
DA:2,1
DA:3,1
DA:5,1
DA:10,1
DA:11,1
DA:14,23
DA:16,20
DA:17,7
DA:19,3
DA:20,3
DA:21,0
DA:25,21
DA:26,0
DA:28,21
DA:29,9
DA:31,12
DA:34,1
DA:35,14
DA:36,7
DA:37,7
DA:38,7
DA:40,7
DA:45,21
DA:70,1
LF:25
LH:23
BRDA:16,0,0,20
BRDA:16,0,1,20
BRDA:16,0,2,20
BRDA:16,0,3,13
BRDA:17,1,0,4
BRDA:17,1,1,3
BRDA:19,2,0,3
BRDA:19,2,1,3
BRDA:20,3,0,3
BRDA:20,3,1,0
BRDA:25,4,0,0
BRDA:25,4,1,21
BRDA:28,5,0,9
BRDA:28,5,1,12
BRDA:36,6,0,7
BRDA:36,6,1,3
BRDA:49,7,0,11
BRDA:49,7,1,10
BRF:18
BRH:16
end_of_record
TN:
SF:src/routes/pathConfig.ts
FN:21,(anonymous_10)
FN:21,(anonymous_11)
FN:22,(anonymous_12)
FN:22,(anonymous_13)
FN:23,(anonymous_14)
FN:23,(anonymous_15)
FN:24,(anonymous_16)
FN:24,(anonymous_17)
FN:25,(anonymous_18)
FN:25,(anonymous_19)
FNF:10
FNH:0
FNDA:0,(anonymous_10)
FNDA:0,(anonymous_11)
FNDA:0,(anonymous_12)
FNDA:0,(anonymous_13)
FNDA:0,(anonymous_14)
FNDA:0,(anonymous_15)
FNDA:0,(anonymous_16)
FNDA:0,(anonymous_17)
FNDA:0,(anonymous_18)
FNDA:0,(anonymous_19)
DA:6,1
DA:21,1
DA:22,1
DA:23,1
DA:24,1
DA:25,1
DA:27,1
LF:7
LH:7
BRF:0
BRH:0
end_of_record
TN:
SF:src/routes/router.helper.ts
FN:8,(anonymous_0)
FN:9,(anonymous_1)
FNF:2
FNH:0
FNDA:0,(anonymous_0)
FNDA:0,(anonymous_1)
DA:6,1
DA:8,1
DA:9,0
LF:3
LH:2
BRDA:9,0,0,0
BRDA:9,0,1,0
BRF:2
BRH:0
end_of_record
